Traceback (most recent call last):
  File "/home/zkf/miniconda3/envs/TROJail/lib/python3.12/site-packages/urllib3/connection.py", line 204, in _new_conn
    sock = connection.create_connection(
           ^^^^^^^^^^^^^^^^^^^^^^^^^^^^^
  File "/home/zkf/miniconda3/envs/TROJail/lib/python3.12/site-packages/urllib3/util/connection.py", line 85, in create_connection
    raise err
  File "/home/zkf/miniconda3/envs/TROJail/lib/python3.12/site-packages/urllib3/util/connection.py", line 73, in create_connection
    sock.connect(sa)
OSError: [Errno 101] Network is unreachable

The above exception was the direct cause of the following exception:

Traceback (most recent call last):
  File "/home/zkf/miniconda3/envs/TROJail/lib/python3.12/site-packages/urllib3/connectionpool.py", line 787, in urlopen
    response = self._make_request(
               ^^^^^^^^^^^^^^^^^^^
  File "/home/zkf/miniconda3/envs/TROJail/lib/python3.12/site-packages/urllib3/connectionpool.py", line 488, in _make_request
    raise new_e
  File "/home/zkf/miniconda3/envs/TROJail/lib/python3.12/site-packages/urllib3/connectionpool.py", line 464, in _make_request
    self._validate_conn(conn)
  File "/home/zkf/miniconda3/envs/TROJail/lib/python3.12/site-packages/urllib3/connectionpool.py", line 1093, in _validate_conn
    conn.connect()
  File "/home/zkf/miniconda3/envs/TROJail/lib/python3.12/site-packages/urllib3/connection.py", line 759, in connect
    self.sock = sock = self._new_conn()
                       ^^^^^^^^^^^^^^^^
  File "/home/zkf/miniconda3/envs/TROJail/lib/python3.12/site-packages/urllib3/connection.py", line 219, in _new_conn
    raise NewConnectionError(
urllib3.exceptions.NewConnectionError: HTTPSConnection(host='huggingface.co', port=443): Failed to establish a new connection: [Errno 101] Network is unreachable

The above exception was the direct cause of the following exception:

Traceback (most recent call last):
  File "/home/zkf/miniconda3/envs/TROJail/lib/python3.12/site-packages/requests/adapters.py", line 644, in send
    resp = conn.urlopen(
           ^^^^^^^^^^^^^
  File "/home/zkf/miniconda3/envs/TROJail/lib/python3.12/site-packages/urllib3/connectionpool.py", line 841, in urlopen
    retries = retries.increment(
              ^^^^^^^^^^^^^^^^^^
  File "/home/zkf/miniconda3/envs/TROJail/lib/python3.12/site-packages/urllib3/util/retry.py", line 535, in increment
    raise MaxRetryError(_pool, url, reason) from reason  # type: ignore[arg-type]
    ^^^^^^^^^^^^^^^^^^^^^^^^^^^^^^^^^^^^^^^^^^^^^^^^^^^
urllib3.exceptions.MaxRetryError: HTTPSConnectionPool(host='huggingface.co', port=443): Max retries exceeded with url: /api/models/sentence-transformers/all-MiniLM-L6-v2/revision/main (Caused by NewConnectionError("HTTPSConnection(host='huggingface.co', port=443): Failed to establish a new connection: [Errno 101] Network is unreachable"))

During handling of the above exception, another exception occurred:

Traceback (most recent call last):
  File "/home/zkf/miniconda3/envs/TROJail/lib/python3.12/site-packages/huggingface_hub/_snapshot_download.py", line 165, in snapshot_download
    repo_info = api.repo_info(repo_id=repo_id, repo_type=repo_type, revision=revision)
                ^^^^^^^^^^^^^^^^^^^^^^^^^^^^^^^^^^^^^^^^^^^^^^^^^^^^^^^^^^^^^^^^^^^^^^
  File "/home/zkf/miniconda3/envs/TROJail/lib/python3.12/site-packages/huggingface_hub/utils/_validators.py", line 114, in _inner_fn
    return fn(*args, **kwargs)
           ^^^^^^^^^^^^^^^^^^^
  File "/home/zkf/miniconda3/envs/TROJail/lib/python3.12/site-packages/huggingface_hub/hf_api.py", line 2867, in repo_info
    return method(
           ^^^^^^^
  File "/home/zkf/miniconda3/envs/TROJail/lib/python3.12/site-packages/huggingface_hub/utils/_validators.py", line 114, in _inner_fn
    return fn(*args, **kwargs)
           ^^^^^^^^^^^^^^^^^^^
  File "/home/zkf/miniconda3/envs/TROJail/lib/python3.12/site-packages/huggingface_hub/hf_api.py", line 2660, in model_info
    r = get_session().get(path, headers=headers, timeout=timeout, params=params)
        ^^^^^^^^^^^^^^^^^^^^^^^^^^^^^^^^^^^^^^^^^^^^^^^^^^^^^^^^^^^^^^^^^^^^^^^^
  File "/home/zkf/miniconda3/envs/TROJail/lib/python3.12/site-packages/requests/sessions.py", line 602, in get
    return self.request("GET", url, **kwargs)
           ^^^^^^^^^^^^^^^^^^^^^^^^^^^^^^^^^^
  File "/home/zkf/miniconda3/envs/TROJail/lib/python3.12/site-packages/requests/sessions.py", line 589, in request
    resp = self.send(prep, **send_kwargs)
           ^^^^^^^^^^^^^^^^^^^^^^^^^^^^^^
  File "/home/zkf/miniconda3/envs/TROJail/lib/python3.12/site-packages/requests/sessions.py", line 703, in send
    r = adapter.send(request, **kwargs)
        ^^^^^^^^^^^^^^^^^^^^^^^^^^^^^^^
  File "/home/zkf/miniconda3/envs/TROJail/lib/python3.12/site-packages/huggingface_hub/utils/_http.py", line 95, in send
    return super().send(request, *args, **kwargs)
           ^^^^^^^^^^^^^^^^^^^^^^^^^^^^^^^^^^^^^^
  File "/home/zkf/miniconda3/envs/TROJail/lib/python3.12/site-packages/requests/adapters.py", line 677, in send
    raise ConnectionError(e, request=request)
requests.exceptions.ConnectionError: (MaxRetryError('HTTPSConnectionPool(host=\'huggingface.co\', port=443): Max retries exceeded with url: /api/models/sentence-transformers/all-MiniLM-L6-v2/revision/main (Caused by NewConnectionError("HTTPSConnection(host=\'huggingface.co\', port=443): Failed to establish a new connection: [Errno 101] Network is unreachable"))'), '(Request ID: 73620aff-b712-4f58-961f-7ed3e3141c09)')

The above exception was the direct cause of the following exception:

Traceback (most recent call last):
  File "/home/zkf/miniconda3/envs/TROJail/bin/hf", line 7, in <module>
    sys.exit(main())
             ^^^^^^
  File "/home/zkf/miniconda3/envs/TROJail/lib/python3.12/site-packages/huggingface_hub/cli/hf.py", line 59, in main
    service.run()
  File "/home/zkf/miniconda3/envs/TROJail/lib/python3.12/site-packages/huggingface_hub/cli/download.py", line 136, in run
    print(self._download())  # Print path to downloaded files
          ^^^^^^^^^^^^^^^^
  File "/home/zkf/miniconda3/envs/TROJail/lib/python3.12/site-packages/huggingface_hub/cli/download.py", line 169, in _download
    return snapshot_download(
           ^^^^^^^^^^^^^^^^^^
  File "/home/zkf/miniconda3/envs/TROJail/lib/python3.12/site-packages/huggingface_hub/utils/_validators.py", line 114, in _inner_fn
    return fn(*args, **kwargs)
           ^^^^^^^^^^^^^^^^^^^
  File "/home/zkf/miniconda3/envs/TROJail/lib/python3.12/site-packages/huggingface_hub/_snapshot_download.py", line 248, in snapshot_download
    raise LocalEntryNotFoundError(
huggingface_hub.errors.LocalEntryNotFoundError: An error happened while trying to locate the files on the Hub and we cannot find the appropriate snapshot folder for the specified revision on the local disk. Please check your internet connection and try again.
